Traceback (most recent call last):
  File "/Users/andra/Library/Python/3.8/lib/python/site-packages/jupyter_cache/executors/utils.py", line 51, in single_nb_execution
    executenb(
  File "/Users/andra/Library/Python/3.8/lib/python/site-packages/nbclient/client.py", line 1204, in execute
    return NotebookClient(nb=nb, resources=resources, km=km, **kwargs).execute()
  File "/Users/andra/Library/Python/3.8/lib/python/site-packages/nbclient/util.py", line 84, in wrapped
    return just_run(coro(*args, **kwargs))
  File "/Users/andra/Library/Python/3.8/lib/python/site-packages/nbclient/util.py", line 62, in just_run
    return loop.run_until_complete(coro)
  File "/Library/Developer/CommandLineTools/Library/Frameworks/Python3.framework/Versions/3.8/lib/python3.8/asyncio/base_events.py", line 616, in run_until_complete
    return future.result()
  File "/Users/andra/Library/Python/3.8/lib/python/site-packages/nbclient/client.py", line 663, in async_execute
    await self.async_execute_cell(
  File "/Users/andra/Library/Python/3.8/lib/python/site-packages/nbclient/client.py", line 965, in async_execute_cell
    await self._check_raise_for_error(cell, cell_index, exec_reply)
  File "/Users/andra/Library/Python/3.8/lib/python/site-packages/nbclient/client.py", line 862, in _check_raise_for_error
    raise CellExecutionError.from_cell_and_msg(cell, exec_reply_content)
nbclient.exceptions.CellExecutionError: An error occurred while executing the following cell:
------------------
from rdflib import Graph, URIRef, Literal
from rdflib.namespace import DCTERMS, DC, XSD, RDFS, DCAT, RDF, FOAF, NamespaceManager
import pandas as pd
import numpy as np
import matplotlib.pyplot as plt
import datetime
from shapely.geometry import Point
import contextily as ctx
import geopandas as gpd
import os
from mpl_toolkits.axes_grid1 import make_axes_locatable

def sparql_query_result_to_df(results):

    def parse_value(item):
        if '_datatype' in dir(item):
            if item.datatype == "http://www.w3.org/2001/XMLSchema#decimal":
                return float(item._value)
            if item.datatype == "http://www.w3.org/2001/XMLSchema#integer":
                return int(item._value)
            if item.datatype == "http://www.w3.org/2001/XMLSchema#dateTime":
                return datetime.datetime.strptime(item._value, '%Y-%m-%dT%H:%M:%SZ')
            return item._value
        else:
            return item

    results = results.bindings
    results = [{k.strip(): parse_value(v.strip()) for k, v in item.items()} for item in results]
    df = pd.DataFrame(results)
    return df
------------------

[0;31m---------------------------------------------------------------------------[0m
[0;31mModuleNotFoundError[0m                       Traceback (most recent call last)
Input [0;32mIn [1][0m, in [0;36m<cell line: 7>[0;34m()[0m
[1;32m      5[0m [38;5;28;01mimport[39;00m [38;5;21;01mmatplotlib[39;00m[38;5;21;01m.[39;00m[38;5;21;01mpyplot[39;00m [38;5;28;01mas[39;00m [38;5;21;01mplt[39;00m
[1;32m      6[0m [38;5;28;01mimport[39;00m [38;5;21;01mdatetime[39;00m
[0;32m----> 7[0m [38;5;28;01mfrom[39;00m [38;5;21;01mshapely[39;00m[38;5;21;01m.[39;00m[38;5;21;01mgeometry[39;00m [38;5;28;01mimport[39;00m Point
[1;32m      8[0m [38;5;28;01mimport[39;00m [38;5;21;01mcontextily[39;00m [38;5;28;01mas[39;00m [38;5;21;01mctx[39;00m
[1;32m      9[0m [38;5;28;01mimport[39;00m [38;5;21;01mgeopandas[39;00m [38;5;28;01mas[39;00m [38;5;21;01mgpd[39;00m

[0;31mModuleNotFoundError[0m: No module named 'shapely'
ModuleNotFoundError: No module named 'shapely'

