Traceback (most recent call last):
  File "/usr/local/lib/python3.10/dist-packages/jupyter_cache/executors/utils.py", line 58, in single_nb_execution
    executenb(
  File "/usr/local/lib/python3.10/dist-packages/nbclient/client.py", line 1204, in execute
    return NotebookClient(nb=nb, resources=resources, km=km, **kwargs).execute()
  File "/usr/local/lib/python3.10/dist-packages/nbclient/util.py", line 84, in wrapped
    return just_run(coro(*args, **kwargs))
  File "/usr/local/lib/python3.10/dist-packages/nbclient/util.py", line 62, in just_run
    return loop.run_until_complete(coro)
  File "/usr/lib/python3.10/asyncio/base_events.py", line 646, in run_until_complete
    return future.result()
  File "/usr/local/lib/python3.10/dist-packages/nbclient/client.py", line 663, in async_execute
    await self.async_execute_cell(
  File "/usr/local/lib/python3.10/dist-packages/nbclient/client.py", line 965, in async_execute_cell
    await self._check_raise_for_error(cell, cell_index, exec_reply)
  File "/usr/local/lib/python3.10/dist-packages/nbclient/client.py", line 862, in _check_raise_for_error
    raise CellExecutionError.from_cell_and_msg(cell, exec_reply_content)
nbclient.exceptions.CellExecutionError: An error occurred while executing the following cell:
------------------
from wikidataintegrator import wdi_core
from rdflib import Namespace, Graph, URIRef, Literal, BNode
from rdflib.namespace import DCTERMS, DC, XSD, RDFS, DCAT, RDF, FOAF, NamespaceManager, SKOS
------------------

[0;31m---------------------------------------------------------------------------[0m
[0;31mModuleNotFoundError[0m                       Traceback (most recent call last)
Cell [0;32mIn[1], line 1[0m
[0;32m----> 1[0m [38;5;28;01mfrom[39;00m [38;5;21;01mwikidataintegrator[39;00m [38;5;28;01mimport[39;00m wdi_core
[1;32m      2[0m [38;5;28;01mfrom[39;00m [38;5;21;01mrdflib[39;00m [38;5;28;01mimport[39;00m Namespace, Graph, URIRef, Literal, BNode
[1;32m      3[0m [38;5;28;01mfrom[39;00m [38;5;21;01mrdflib[39;00m[38;5;21;01m.[39;00m[38;5;21;01mnamespace[39;00m [38;5;28;01mimport[39;00m DCTERMS, DC, XSD, RDFS, DCAT, RDF, FOAF, NamespaceManager, SKOS

[0;31mModuleNotFoundError[0m: No module named 'wikidataintegrator'
ModuleNotFoundError: No module named 'wikidataintegrator'

